<?xml version="1.0" encoding="UTF-8"?>
<!-- Generated by org.testng.reporters.JUnitReportReporter -->
<testsuite hostname="biswajit-PC" name="com.core.SanityTest" tests="1" failures="0" timestamp="26 Apr 2015 02:52:00 GMT" time="40.761" errors="0">
  <testcase name="signInAction" time="40.761" classname="com.core.SanityTest"/>
</testsuite> <!-- com.core.SanityTest -->
